{"name": "test_api_call_get_by_user_id", "status": "failed", "statusDetails": {"message": "AssertionError: assert 404 == 200\n +  where 404 = <Response [404]>.status_code", "trace": "def test_api_call_get_by_user_id():\n        response = requests.get(\"https://gorest.co.in/public/v2/users/6615213\", headers={\"Authorization\": \"Bearer 79c36adee0abd73f7986644e389c5d7b44b604e55d9a92a81de376c80b885d16\"})\n        print(response.json())\n>       assert response.status_code == 200\nE       assert 404 == 200\nE        +  where 404 = <Response [404]>.status_code\n\nTestDemoExadel\\Tests_API_UI\\API_Test\\test_GET_BY_USER_ID.py:14: AssertionError"}, "start": 1709208521563, "stop": 1709208521855, "uuid": "1688a76c-aa62-475c-af4e-1dfefbecc4c0", "historyId": "18c470efc104c8d596e26728c29ef870", "testCaseId": "18c470efc104c8d596e26728c29ef870", "fullName": "TestDemoExadel.Tests_API_UI.API_Test.test_GET_BY_USER_ID#test_api_call_get_by_user_id", "labels": [{"name": "parentSuite", "value": "TestDemoExadel.Tests_API_UI.API_Test"}, {"name": "suite", "value": "test_GET_BY_USER_ID"}, {"name": "host", "value": "waw0524"}, {"name": "thread", "value": "51528-MainThread"}, {"name": "framework", "value": "pytest"}, {"name": "language", "value": "cpython3"}, {"name": "package", "value": "TestDemoExadel.Tests_API_UI.API_Test.test_GET_BY_USER_ID"}]}