{"name": "test_patch_api_call", "status": "failed", "statusDetails": {"message": "AssertionError: assert 404 == 200\n +  where 404 = <Response [404]>.status_code", "trace": "def test_patch_api_call():\n        data = {\n            \"name\":\"Allasani1 Peddana1\",\n            'gender': 'female',\n            \"email\":\"allasani1.peddana1@15ce.com\",\n            \"status\":\"active\"\n        }\n        response = requests.patch(\"https://gorest.co.in/public/v2/users/6615213\", headers={\"Authorization\": \"Bearer 79c36adee0abd73f7986644e389c5d7b44b604e55d9a92a81de376c80b885d16\"}, data=data)\n>       assert response.status_code == 200\nE       assert 404 == 200\nE        +  where 404 = <Response [404]>.status_code\n\nTestDemoExadel\\Tests_API_UI\\API_Test\\test_PATCH.py:19: AssertionError"}, "start": 1709208521870, "stop": 1709208522482, "uuid": "2b7bbe62-3f61-434b-9c92-f80c3657512b", "historyId": "6e0299330d8fd58d725960a023e9e8a3", "testCaseId": "6e0299330d8fd58d725960a023e9e8a3", "fullName": "TestDemoExadel.Tests_API_UI.API_Test.test_PATCH#test_patch_api_call", "labels": [{"name": "parentSuite", "value": "TestDemoExadel.Tests_API_UI.API_Test"}, {"name": "suite", "value": "test_PATCH"}, {"name": "host", "value": "waw0524"}, {"name": "thread", "value": "51528-MainThread"}, {"name": "framework", "value": "pytest"}, {"name": "language", "value": "cpython3"}, {"name": "package", "value": "TestDemoExadel.Tests_API_UI.API_Test.test_PATCH"}]}